<?xml version="1.0" encoding="UTF-8"?>
<!-- Generated by org.testng.reporters.JUnitXMLReporter -->
<testsuite ignored="0" hostname="CORA027L" failures="0" tests="3" name="Default test" time="24.018" errors="0" timestamp="2021-05-06T00:27:42 CST">
  <testcase classname="testscript.LogInTest" name="loginTest" time="0.565"/>
  <testcase classname="testscript.LogInTest" name="loginTest" time="0.838"/>
  <testcase classname="testscript.LogInTest" name="loginTest" time="0.279"/>
</testsuite> <!-- Default test -->
